#-----------------------------------------------------------
# Vivado v2018.2 (64-bit)
# SW Build 2258646 on Thu Jun 14 20:03:12 MDT 2018
# IP Build 2256618 on Thu Jun 14 22:10:49 MDT 2018
# Start of session at: Sun Jun 11 17:20:07 2023
# Process ID: 16172
# Current directory: D:/Vivado/Nanoprocessor
# Command line: vivado.exe -gui_launcher_event rodinguilauncherevent15116 D:\Vivado\Nanoprocessor\Nanoprocessor.xpr
# Log file: D:/Vivado/Nanoprocessor/vivado.log
# Journal file: D:/Vivado/Nanoprocessor\vivado.jou
#-----------------------------------------------------------
start_gui
open_project D:/Vivado/Nanoprocessor/Nanoprocessor.xpr
Scanning sources...
Finished scanning sources
INFO: [IP_Flow 19-234] Refreshing IP repositories
INFO: [IP_Flow 19-1704] No user IP repositories specified
INFO: [IP_Flow 19-2313] Loaded Vivado IP repository 'C:/Xilinx/Vivado/2018.2/data/ip'.
update_compile_order -fileset sources_1
launch_simulation
INFO: [Vivado 12-5682] Launching behavioral simulation in 'D:/Vivado/Nanoprocessor/Nanoprocessor.sim/sim_1/behav/xsim'
INFO: [SIM-utils-51] Simulation object is 'sim_1'
INFO: [SIM-utils-54] Inspecting design source files for 'Nanoprocessor_TB' in fileset 'sim_1'...
INFO: [USF-XSim-97] Finding global include files...
INFO: [USF-XSim-98] Fetching design files from 'sim_1'...
INFO: [USF-XSim-2] XSim::Compile design
INFO: [USF-XSim-61] Executing 'COMPILE and ANALYZE' step in 'D:/Vivado/Nanoprocessor/Nanoprocessor.sim/sim_1/behav/xsim'
"xvhdl --incr --relax -prj Nanoprocessor_TB_vhdl.prj"
INFO: [VRFC 10-163] Analyzing VHDL file "D:/Vivado/Nanoprocessor/Nanoprocessor.srcs/sources_1/new/Instruction_Decoder.vhd" into library xil_defaultlib
INFO: [VRFC 10-307] analyzing entity Instruction_Decoder
INFO: [VRFC 10-163] Analyzing VHDL file "D:/Vivado/Nanoprocessor/Nanoprocessor.srcs/sources_1/new/NanoProcessor.vhd" into library xil_defaultlib
INFO: [VRFC 10-307] analyzing entity NanoProcessor
INFO: [VRFC 10-163] Analyzing VHDL file "D:/Vivado/Nanoprocessor/Nanoprocessor.srcs/sources_1/new/PROGRM_ROM.vhd" into library xil_defaultlib
INFO: [VRFC 10-307] analyzing entity PROGRM_ROM
INFO: [VRFC 10-163] Analyzing VHDL file "D:/Vivado/Nanoprocessor/Nanoprocessor.srcs/sources_1/imports/src/Slow_Clk.vhd" into library xil_defaultlib
INFO: [VRFC 10-307] analyzing entity Slow_Clk
INFO: [USF-XSim-69] 'compile' step finished in '1' seconds
INFO: [USF-XSim-3] XSim::Elaborate design
INFO: [USF-XSim-61] Executing 'ELABORATE' step in 'D:/Vivado/Nanoprocessor/Nanoprocessor.sim/sim_1/behav/xsim'
Vivado Simulator 2018.2
Copyright 1986-1999, 2001-2018 Xilinx, Inc. All Rights Reserved.
Running: C:/Xilinx/Vivado/2018.2/bin/unwrapped/win64.o/xelab.exe -wto 80211ed62e364a13a56e9409f75970c2 --incr --debug typical --relax --mt 2 -L xil_defaultlib -L secureip --snapshot Nanoprocessor_TB_behav xil_defaultlib.Nanoprocessor_TB -log elaborate.log 
Using 2 slave threads.
Starting static elaboration
Completed static elaboration
Starting simulation data flow analysis
Completed simulation data flow analysis
Time Resolution for simulation is 1ps
Compiling package std.standard
Compiling package std.textio
Compiling package ieee.std_logic_1164
Compiling package ieee.numeric_std
Compiling architecture behavioral of entity xil_defaultlib.Slow_Clk [slow_clk_default]
Compiling architecture behavioral of entity xil_defaultlib.Decoder_2_to_4 [decoder_2_to_4_default]
Compiling architecture behavioral of entity xil_defaultlib.Instruction_Decoder [instruction_decoder_default]
Compiling architecture behavioral of entity xil_defaultlib.tri_state_buffer_4bit [tri_state_buffer_4bit_default]
Compiling architecture behavioral of entity xil_defaultlib.Mux_2way_4bit [mux_2way_4bit_default]
Compiling architecture behavioral of entity xil_defaultlib.PROGRM_ROM [progrm_rom_default]
Compiling architecture behavioral of entity xil_defaultlib.HA [ha_default]
Compiling architecture behavioral of entity xil_defaultlib.FA [fa_default]
Compiling architecture behavioral of entity xil_defaultlib.Bit_3_Adder [bit_3_adder_default]
Compiling architecture behavioral of entity xil_defaultlib.tri_state_buffer_3bit [tri_state_buffer_3bit_default]
Compiling architecture behavioral of entity xil_defaultlib.Mux_2way_3bit [mux_2way_3bit_default]
Compiling architecture behavioral of entity xil_defaultlib.D_FF [d_ff_default]
Compiling architecture behavioral of entity xil_defaultlib.P_Counter [p_counter_default]
Compiling architecture behavioral of entity xil_defaultlib.Decoder_3_to_8 [decoder_3_to_8_default]
Compiling architecture behavioral of entity xil_defaultlib.Reg [reg_default]
Compiling architecture behavioral of entity xil_defaultlib.Register_Bank [register_bank_default]
Compiling architecture behavioral of entity xil_defaultlib.RCA_4 [rca_4_default]
Compiling architecture behavioral of entity xil_defaultlib.Add_Sub_Unit [add_sub_unit_default]
Compiling architecture behavioral of entity xil_defaultlib.Mux_8way_4bit [mux_8way_4bit_default]
Compiling architecture behavioral of entity xil_defaultlib.LUT_16_7 [lut_16_7_default]
Compiling architecture behavioral of entity xil_defaultlib.NanoProcessor [nanoprocessor_default]
Compiling architecture behavioral of entity xil_defaultlib.nanoprocessor_tb
Built simulation snapshot Nanoprocessor_TB_behav

****** Webtalk v2018.2 (64-bit)
  **** SW Build 2258646 on Thu Jun 14 20:03:12 MDT 2018
  **** IP Build 2256618 on Thu Jun 14 22:10:49 MDT 2018
    ** Copyright 1986-2018 Xilinx, Inc. All Rights Reserved.

source D:/Vivado/Nanoprocessor/Nanoprocessor.sim/sim_1/behav/xsim/xsim.dir/Nanoprocessor_TB_behav/webtalk/xsim_webtalk.tcl -notrace
INFO: [Common 17-206] Exiting Webtalk at Sun Jun 11 17:21:24 2023...
INFO: [USF-XSim-69] 'elaborate' step finished in '3' seconds
INFO: [USF-XSim-4] XSim::Simulate design
INFO: [USF-XSim-61] Executing 'SIMULATE' step in 'D:/Vivado/Nanoprocessor/Nanoprocessor.sim/sim_1/behav/xsim'
INFO: [USF-XSim-98] *** Running xsim
   with args "Nanoprocessor_TB_behav -key {Behavioral:sim_1:Functional:Nanoprocessor_TB} -tclbatch {Nanoprocessor_TB.tcl} -view {D:/Vivado/Nanoprocessor/Nanoprocessor_TB_behav.wcfg} -log {simulate.log}"
INFO: [USF-XSim-8] Loading simulator feature
Vivado Simulator 2018.2
Time resolution is 1 ps
open_wave_config D:/Vivado/Nanoprocessor/Nanoprocessor_TB_behav.wcfg
source Nanoprocessor_TB.tcl
# set curr_wave [current_wave_config]
# if { [string length $curr_wave] == 0 } {
#   if { [llength [get_objects]] > 0} {
#     add_wave /
#     set_property needs_save false [current_wave_config]
#   } else {
#      send_msg_id Add_Wave-1 WARNING "No top level signals found. Simulator will start without a wave window. If you want to open a wave window go to 'File->New Waveform Configuration' or type 'create_wave_config' in the TCL console."
#   }
# }
# run 1000ns
INFO: [USF-XSim-96] XSim completed. Design snapshot 'Nanoprocessor_TB_behav' loaded.
INFO: [USF-XSim-97] XSim simulation ran for 1000ns
launch_simulation: Time (s): cpu = 00:00:04 ; elapsed = 00:00:07 . Memory (MB): peak = 1003.309 ; gain = 2.379
close_sim
INFO: [Simtcl 6-16] Simulation closed
launch_simulation
INFO: [Vivado 12-5682] Launching behavioral simulation in 'D:/Vivado/Nanoprocessor/Nanoprocessor.sim/sim_1/behav/xsim'
INFO: [SIM-utils-51] Simulation object is 'sim_1'
INFO: [SIM-utils-54] Inspecting design source files for 'Nanoprocessor_TB' in fileset 'sim_1'...
INFO: [USF-XSim-97] Finding global include files...
INFO: [USF-XSim-98] Fetching design files from 'sim_1'...
INFO: [USF-XSim-2] XSim::Compile design
INFO: [USF-XSim-61] Executing 'COMPILE and ANALYZE' step in 'D:/Vivado/Nanoprocessor/Nanoprocessor.sim/sim_1/behav/xsim'
"xvhdl --incr --relax -prj Nanoprocessor_TB_vhdl.prj"
INFO: [VRFC 10-163] Analyzing VHDL file "D:/Vivado/Nanoprocessor/Nanoprocessor.srcs/sources_1/imports/src/Slow_Clk.vhd" into library xil_defaultlib
INFO: [VRFC 10-307] analyzing entity Slow_Clk
INFO: [USF-XSim-69] 'compile' step finished in '1' seconds
INFO: [USF-XSim-3] XSim::Elaborate design
INFO: [USF-XSim-61] Executing 'ELABORATE' step in 'D:/Vivado/Nanoprocessor/Nanoprocessor.sim/sim_1/behav/xsim'
Vivado Simulator 2018.2
Copyright 1986-1999, 2001-2018 Xilinx, Inc. All Rights Reserved.
Running: C:/Xilinx/Vivado/2018.2/bin/unwrapped/win64.o/xelab.exe -wto 80211ed62e364a13a56e9409f75970c2 --incr --debug typical --relax --mt 2 -L xil_defaultlib -L secureip --snapshot Nanoprocessor_TB_behav xil_defaultlib.Nanoprocessor_TB -log elaborate.log 
Using 2 slave threads.
Starting static elaboration
Completed static elaboration
Starting simulation data flow analysis
Completed simulation data flow analysis
Time Resolution for simulation is 1ps
Compiling package std.standard
Compiling package std.textio
Compiling package ieee.std_logic_1164
Compiling package ieee.numeric_std
Compiling architecture behavioral of entity xil_defaultlib.Slow_Clk [slow_clk_default]
Compiling architecture behavioral of entity xil_defaultlib.Decoder_2_to_4 [decoder_2_to_4_default]
Compiling architecture behavioral of entity xil_defaultlib.Instruction_Decoder [instruction_decoder_default]
Compiling architecture behavioral of entity xil_defaultlib.tri_state_buffer_4bit [tri_state_buffer_4bit_default]
Compiling architecture behavioral of entity xil_defaultlib.Mux_2way_4bit [mux_2way_4bit_default]
Compiling architecture behavioral of entity xil_defaultlib.PROGRM_ROM [progrm_rom_default]
Compiling architecture behavioral of entity xil_defaultlib.HA [ha_default]
Compiling architecture behavioral of entity xil_defaultlib.FA [fa_default]
Compiling architecture behavioral of entity xil_defaultlib.Bit_3_Adder [bit_3_adder_default]
Compiling architecture behavioral of entity xil_defaultlib.tri_state_buffer_3bit [tri_state_buffer_3bit_default]
Compiling architecture behavioral of entity xil_defaultlib.Mux_2way_3bit [mux_2way_3bit_default]
Compiling architecture behavioral of entity xil_defaultlib.D_FF [d_ff_default]
Compiling architecture behavioral of entity xil_defaultlib.P_Counter [p_counter_default]
Compiling architecture behavioral of entity xil_defaultlib.Decoder_3_to_8 [decoder_3_to_8_default]
Compiling architecture behavioral of entity xil_defaultlib.Reg [reg_default]
Compiling architecture behavioral of entity xil_defaultlib.Register_Bank [register_bank_default]
Compiling architecture behavioral of entity xil_defaultlib.RCA_4 [rca_4_default]
Compiling architecture behavioral of entity xil_defaultlib.Add_Sub_Unit [add_sub_unit_default]
Compiling architecture behavioral of entity xil_defaultlib.Mux_8way_4bit [mux_8way_4bit_default]
Compiling architecture behavioral of entity xil_defaultlib.LUT_16_7 [lut_16_7_default]
Compiling architecture behavioral of entity xil_defaultlib.NanoProcessor [nanoprocessor_default]
Compiling architecture behavioral of entity xil_defaultlib.nanoprocessor_tb
Built simulation snapshot Nanoprocessor_TB_behav
INFO: [USF-XSim-69] 'elaborate' step finished in '1' seconds
INFO: [USF-XSim-4] XSim::Simulate design
INFO: [USF-XSim-61] Executing 'SIMULATE' step in 'D:/Vivado/Nanoprocessor/Nanoprocessor.sim/sim_1/behav/xsim'
INFO: [USF-XSim-98] *** Running xsim
   with args "Nanoprocessor_TB_behav -key {Behavioral:sim_1:Functional:Nanoprocessor_TB} -tclbatch {Nanoprocessor_TB.tcl} -view {D:/Vivado/Nanoprocessor/Nanoprocessor_TB_behav.wcfg} -log {simulate.log}"
INFO: [USF-XSim-8] Loading simulator feature
Vivado Simulator 2018.2
Time resolution is 1 ps
open_wave_config D:/Vivado/Nanoprocessor/Nanoprocessor_TB_behav.wcfg
source Nanoprocessor_TB.tcl
# set curr_wave [current_wave_config]
# if { [string length $curr_wave] == 0 } {
#   if { [llength [get_objects]] > 0} {
#     add_wave /
#     set_property needs_save false [current_wave_config]
#   } else {
#      send_msg_id Add_Wave-1 WARNING "No top level signals found. Simulator will start without a wave window. If you want to open a wave window go to 'File->New Waveform Configuration' or type 'create_wave_config' in the TCL console."
#   }
# }
# run 1000ns
INFO: [USF-XSim-96] XSim completed. Design snapshot 'Nanoprocessor_TB_behav' loaded.
INFO: [USF-XSim-97] XSim simulation ran for 1000ns
reset_run synth_1
WARNING: [Vivado 12-1017] Problems encountered:
1. Failed to delete one or more files in run directory D:/Vivado/Nanoprocessor/Nanoprocessor.runs/synth_1

launch_runs impl_1 -to_step write_bitstream -jobs 8
[Sun Jun 11 17:22:56 2023] Launched synth_1...
Run output will be captured here: D:/Vivado/Nanoprocessor/Nanoprocessor.runs/synth_1/runme.log
[Sun Jun 11 17:22:56 2023] Launched impl_1...
Run output will be captured here: D:/Vivado/Nanoprocessor/Nanoprocessor.runs/impl_1/runme.log
open_run impl_1
INFO: [Netlist 29-17] Analyzing 10 Unisim elements for replacement
INFO: [Netlist 29-28] Unisim Transformation completed in 0 CPU seconds
INFO: [Project 1-479] Netlist was created with Vivado 2018.2
INFO: [Device 21-403] Loading part xc7a35tcpg236-1
INFO: [Project 1-570] Preparing netlist for logic optimization
INFO: [Timing 38-478] Restoring timing data from binary archive.
INFO: [Timing 38-479] Binary timing data restore complete.
INFO: [Project 1-856] Restoring constraints from binary archive.
INFO: [Project 1-853] Binary constraint restore complete.
Reading XDEF placement.
Reading placer database...
Reading XDEF routing.
Read XDEF File: Time (s): cpu = 00:00:00 ; elapsed = 00:00:00.031 . Memory (MB): peak = 1877.426 ; gain = 0.000
Restored from archive | CPU: 0.000000 secs | Memory: 0.000000 MB |
Finished XDEF File Restore: Time (s): cpu = 00:00:00 ; elapsed = 00:00:00.031 . Memory (MB): peak = 1877.426 ; gain = 0.000
INFO: [Project 1-111] Unisim Transformation Summary:
No Unisim elements were transformed.

open_run: Time (s): cpu = 00:00:19 ; elapsed = 00:00:16 . Memory (MB): peak = 1967.965 ; gain = 913.703
close_sim
INFO: [Simtcl 6-16] Simulation closed
exit
INFO: [Common 17-206] Exiting Vivado at Sun Jun 11 17:32:58 2023...
