#-----------------------------------------------------------
# Vivado v2018.2 (64-bit)
# SW Build 2258646 on Thu Jun 14 20:03:12 MDT 2018
# IP Build 2256618 on Thu Jun 14 22:10:49 MDT 2018
# Start of session at: Sat Jun 10 16:59:08 2023
# Process ID: 4484
# Current directory: D:/Vivado/Nanoprocessor
# Command line: vivado.exe -gui_launcher_event rodinguilauncherevent4072 D:\Vivado\Nanoprocessor\Nanoprocessor.xpr
# Log file: D:/Vivado/Nanoprocessor/vivado.log
# Journal file: D:/Vivado/Nanoprocessor\vivado.jou
#-----------------------------------------------------------
start_gui
open_project D:/Vivado/Nanoprocessor/Nanoprocessor.xpr
INFO: [Project 1-313] Project file moved from 'C:/Users/YASIRU/Desktop/Nano Processor Final/Nanoprocessor' since last save.
Scanning sources...
Finished scanning sources
INFO: [IP_Flow 19-234] Refreshing IP repositories
INFO: [IP_Flow 19-1704] No user IP repositories specified
INFO: [IP_Flow 19-2313] Loaded Vivado IP repository 'C:/Xilinx/Vivado/2018.2/data/ip'.
open_project: Time (s): cpu = 00:00:10 ; elapsed = 00:00:06 . Memory (MB): peak = 918.723 ; gain = 225.727
update_compile_order -fileset sources_1
launch_simulation
INFO: [Vivado 12-5682] Launching behavioral simulation in 'D:/Vivado/Nanoprocessor/Nanoprocessor.sim/sim_1/behav/xsim'
INFO: [SIM-utils-51] Simulation object is 'sim_1'
INFO: [SIM-utils-54] Inspecting design source files for 'Nanoprocessor_TB' in fileset 'sim_1'...
INFO: [USF-XSim-97] Finding global include files...
INFO: [USF-XSim-98] Fetching design files from 'sim_1'...
INFO: [USF-XSim-2] XSim::Compile design
INFO: [USF-XSim-61] Executing 'COMPILE and ANALYZE' step in 'D:/Vivado/Nanoprocessor/Nanoprocessor.sim/sim_1/behav/xsim'
"xvhdl --incr --relax -prj Nanoprocessor_TB_vhdl.prj"
INFO: [VRFC 10-163] Analyzing VHDL file "D:/Vivado/Nanoprocessor/Nanoprocessor.srcs/sources_1/new/Add_Sub_Unit.vhd" into library xil_defaultlib
INFO: [VRFC 10-307] analyzing entity Add_Sub_Unit
INFO: [VRFC 10-163] Analyzing VHDL file "D:/Vivado/Nanoprocessor/Nanoprocessor.srcs/sources_1/new/Bit_3_Adder.vhd" into library xil_defaultlib
INFO: [VRFC 10-307] analyzing entity Bit_3_Adder
INFO: [VRFC 10-163] Analyzing VHDL file "D:/Vivado/Nanoprocessor/Nanoprocessor.srcs/sources_1/imports/src/D_FF.vhd" into library xil_defaultlib
INFO: [VRFC 10-307] analyzing entity D_FF
INFO: [VRFC 10-163] Analyzing VHDL file "D:/Vivado/Nanoprocessor/Nanoprocessor.srcs/sources_1/imports/new/Decoder_2_to_4.vhd" into library xil_defaultlib
INFO: [VRFC 10-307] analyzing entity Decoder_2_to_4
INFO: [VRFC 10-163] Analyzing VHDL file "D:/Vivado/Nanoprocessor/Nanoprocessor.srcs/sources_1/imports/src/Decoder_3_to_8.vhd" into library xil_defaultlib
INFO: [VRFC 10-307] analyzing entity Decoder_3_to_8
INFO: [VRFC 10-163] Analyzing VHDL file "D:/Vivado/Nanoprocessor/Nanoprocessor.srcs/sources_1/imports/src/FA.vhd" into library xil_defaultlib
INFO: [VRFC 10-307] analyzing entity FA
INFO: [VRFC 10-163] Analyzing VHDL file "D:/Vivado/Nanoprocessor/Nanoprocessor.srcs/sources_1/imports/src/HA.vhd" into library xil_defaultlib
INFO: [VRFC 10-307] analyzing entity HA
INFO: [VRFC 10-163] Analyzing VHDL file "D:/Vivado/Nanoprocessor/Nanoprocessor.srcs/sources_1/new/Instruction_Decoder.vhd" into library xil_defaultlib
INFO: [VRFC 10-307] analyzing entity Instruction_Decoder
INFO: [VRFC 10-163] Analyzing VHDL file "D:/Vivado/Nanoprocessor/Nanoprocessor.srcs/sources_1/imports/src/LUT_16_7.vhd" into library xil_defaultlib
INFO: [VRFC 10-307] analyzing entity LUT_16_7
INFO: [VRFC 10-163] Analyzing VHDL file "D:/Vivado/Nanoprocessor/Nanoprocessor.srcs/sources_1/new/Mux_2way_3bit.vhd" into library xil_defaultlib
INFO: [VRFC 10-307] analyzing entity Mux_2way_3bit
INFO: [VRFC 10-163] Analyzing VHDL file "D:/Vivado/Nanoprocessor/Nanoprocessor.srcs/sources_1/new/Mux_2way_4bit.vhd" into library xil_defaultlib
INFO: [VRFC 10-307] analyzing entity Mux_2way_4bit
INFO: [VRFC 10-163] Analyzing VHDL file "D:/Vivado/Nanoprocessor/Nanoprocessor.srcs/sources_1/new/Mux_8way_4bit.vhd" into library xil_defaultlib
INFO: [VRFC 10-307] analyzing entity Mux_8way_4bit
INFO: [VRFC 10-163] Analyzing VHDL file "D:/Vivado/Nanoprocessor/Nanoprocessor.srcs/sources_1/new/NanoProcessor.vhd" into library xil_defaultlib
INFO: [VRFC 10-307] analyzing entity NanoProcessor
INFO: [VRFC 10-163] Analyzing VHDL file "D:/Vivado/Nanoprocessor/Nanoprocessor.srcs/sources_1/new/PROGRM_ROM.vhd" into library xil_defaultlib
INFO: [VRFC 10-307] analyzing entity PROGRM_ROM
INFO: [VRFC 10-163] Analyzing VHDL file "D:/Vivado/Nanoprocessor/Nanoprocessor.srcs/sources_1/new/P_Counter.vhd" into library xil_defaultlib
INFO: [VRFC 10-307] analyzing entity P_Counter
INFO: [VRFC 10-163] Analyzing VHDL file "D:/Vivado/Nanoprocessor/Nanoprocessor.srcs/sources_1/imports/src/RCA_4.vhd" into library xil_defaultlib
INFO: [VRFC 10-307] analyzing entity RCA_4
INFO: [VRFC 10-163] Analyzing VHDL file "D:/Vivado/Nanoprocessor/Nanoprocessor.srcs/sources_1/imports/src/Register.vhd" into library xil_defaultlib
INFO: [VRFC 10-307] analyzing entity Reg
INFO: [VRFC 10-163] Analyzing VHDL file "D:/Vivado/Nanoprocessor/Nanoprocessor.srcs/sources_1/new/Register_Bank.vhd" into library xil_defaultlib
INFO: [VRFC 10-307] analyzing entity Register_Bank
INFO: [VRFC 10-163] Analyzing VHDL file "D:/Vivado/Nanoprocessor/Nanoprocessor.srcs/sources_1/imports/src/Slow_Clk.vhd" into library xil_defaultlib
INFO: [VRFC 10-307] analyzing entity Slow_Clk
INFO: [VRFC 10-163] Analyzing VHDL file "D:/Vivado/Nanoprocessor/Nanoprocessor.srcs/sources_1/new/tri_state_buffer_3bit.vhd" into library xil_defaultlib
INFO: [VRFC 10-307] analyzing entity tri_state_buffer_3bit
INFO: [VRFC 10-163] Analyzing VHDL file "D:/Vivado/Nanoprocessor/Nanoprocessor.srcs/sources_1/new/tri_state_buffer_4bit.vhd" into library xil_defaultlib
INFO: [VRFC 10-307] analyzing entity tri_state_buffer_4bit
INFO: [VRFC 10-163] Analyzing VHDL file "D:/Vivado/Nanoprocessor/Nanoprocessor.srcs/sim_1/new/Nanoprocessor_TB.vhd" into library xil_defaultlib
INFO: [VRFC 10-307] analyzing entity Nanoprocessor_TB
INFO: [USF-XSim-69] 'compile' step finished in '3' seconds
INFO: [USF-XSim-3] XSim::Elaborate design
INFO: [USF-XSim-61] Executing 'ELABORATE' step in 'D:/Vivado/Nanoprocessor/Nanoprocessor.sim/sim_1/behav/xsim'
Vivado Simulator 2018.2
Copyright 1986-1999, 2001-2018 Xilinx, Inc. All Rights Reserved.
Running: C:/Xilinx/Vivado/2018.2/bin/unwrapped/win64.o/xelab.exe -wto 80211ed62e364a13a56e9409f75970c2 --incr --debug typical --relax --mt 2 -L xil_defaultlib -L secureip --snapshot Nanoprocessor_TB_behav xil_defaultlib.Nanoprocessor_TB -log elaborate.log 
Using 2 slave threads.
Starting static elaboration
Completed static elaboration
Starting simulation data flow analysis
Completed simulation data flow analysis
Time Resolution for simulation is 1ps
Compiling package std.standard
Compiling package std.textio
Compiling package ieee.std_logic_1164
Compiling package ieee.numeric_std
Compiling architecture behavioral of entity xil_defaultlib.Slow_Clk [slow_clk_default]
Compiling architecture behavioral of entity xil_defaultlib.Decoder_2_to_4 [decoder_2_to_4_default]
Compiling architecture behavioral of entity xil_defaultlib.Instruction_Decoder [instruction_decoder_default]
Compiling architecture behavioral of entity xil_defaultlib.tri_state_buffer_4bit [tri_state_buffer_4bit_default]
Compiling architecture behavioral of entity xil_defaultlib.Mux_2way_4bit [mux_2way_4bit_default]
Compiling architecture behavioral of entity xil_defaultlib.PROGRM_ROM [progrm_rom_default]
Compiling architecture behavioral of entity xil_defaultlib.HA [ha_default]
Compiling architecture behavioral of entity xil_defaultlib.FA [fa_default]
Compiling architecture behavioral of entity xil_defaultlib.Bit_3_Adder [bit_3_adder_default]
Compiling architecture behavioral of entity xil_defaultlib.tri_state_buffer_3bit [tri_state_buffer_3bit_default]
Compiling architecture behavioral of entity xil_defaultlib.Mux_2way_3bit [mux_2way_3bit_default]
Compiling architecture behavioral of entity xil_defaultlib.D_FF [d_ff_default]
Compiling architecture behavioral of entity xil_defaultlib.P_Counter [p_counter_default]
Compiling architecture behavioral of entity xil_defaultlib.Decoder_3_to_8 [decoder_3_to_8_default]
Compiling architecture behavioral of entity xil_defaultlib.Reg [reg_default]
Compiling architecture behavioral of entity xil_defaultlib.Register_Bank [register_bank_default]
Compiling architecture behavioral of entity xil_defaultlib.RCA_4 [rca_4_default]
Compiling architecture behavioral of entity xil_defaultlib.Add_Sub_Unit [add_sub_unit_default]
Compiling architecture behavioral of entity xil_defaultlib.Mux_8way_4bit [mux_8way_4bit_default]
Compiling architecture behavioral of entity xil_defaultlib.LUT_16_7 [lut_16_7_default]
Compiling architecture behavioral of entity xil_defaultlib.NanoProcessor [nanoprocessor_default]
Compiling architecture behavioral of entity xil_defaultlib.nanoprocessor_tb
Built simulation snapshot Nanoprocessor_TB_behav
INFO: [USF-XSim-69] 'elaborate' step finished in '1' seconds
INFO: [USF-XSim-4] XSim::Simulate design
INFO: [USF-XSim-61] Executing 'SIMULATE' step in 'D:/Vivado/Nanoprocessor/Nanoprocessor.sim/sim_1/behav/xsim'
INFO: [USF-XSim-98] *** Running xsim
   with args "Nanoprocessor_TB_behav -key {Behavioral:sim_1:Functional:Nanoprocessor_TB} -tclbatch {Nanoprocessor_TB.tcl} -log {simulate.log}"
INFO: [USF-XSim-8] Loading simulator feature
Vivado Simulator 2018.2
Time resolution is 1 ps
source Nanoprocessor_TB.tcl
# set curr_wave [current_wave_config]
# if { [string length $curr_wave] == 0 } {
#   if { [llength [get_objects]] > 0} {
#     add_wave /
#     set_property needs_save false [current_wave_config]
#   } else {
#      send_msg_id Add_Wave-1 WARNING "No top level signals found. Simulator will start without a wave window. If you want to open a wave window go to 'File->New Waveform Configuration' or type 'create_wave_config' in the TCL console."
#   }
# }
# run 1000ns
INFO: [USF-XSim-96] XSim completed. Design snapshot 'Nanoprocessor_TB_behav' loaded.
INFO: [USF-XSim-97] XSim simulation ran for 1000ns
launch_simulation: Time (s): cpu = 00:00:03 ; elapsed = 00:00:07 . Memory (MB): peak = 935.922 ; gain = 3.004
close_sim
INFO: [Simtcl 6-16] Simulation closed
exit
INFO: [Common 17-206] Exiting Vivado at Sat Jun 10 16:59:55 2023...
