#-----------------------------------------------------------
# Vivado v2018.2 (64-bit)
# SW Build 2258646 on Thu Jun 14 20:03:12 MDT 2018
# IP Build 2256618 on Thu Jun 14 22:10:49 MDT 2018
# Start of session at: Sat Jun 10 16:38:01 2023
# Process ID: 13212
# Current directory: C:/Users/YASIRU/Desktop/Nano Processor Final/Nanoprocessor
# Command line: vivado.exe -gui_launcher_event rodinguilauncherevent20340 C:\Users\YASIRU\Desktop\Nano Processor Final\Nanoprocessor\Nanoprocessor.xpr
# Log file: C:/Users/YASIRU/Desktop/Nano Processor Final/Nanoprocessor/vivado.log
# Journal file: C:/Users/YASIRU/Desktop/Nano Processor Final/Nanoprocessor\vivado.jou
#-----------------------------------------------------------
start_gui
open_project {C:/Users/YASIRU/Desktop/Nano Processor Final/Nanoprocessor/Nanoprocessor.xpr}
Scanning sources...
Finished scanning sources
INFO: [IP_Flow 19-234] Refreshing IP repositories
INFO: [IP_Flow 19-1704] No user IP repositories specified
INFO: [Common 17-41] Interrupt caught. Command should exit soon.
INFO: [IP_Flow 19-2313] Loaded Vivado IP repository 'C:/Xilinx/Vivado/2018.2/data/ip'.
INFO: [IP_Flow 19-2338] Canceling the changes to the IP catalog. Reverting the catalog back to its previous state.
INFO: [IP_Flow 19-2340] The IP catalog has been returned to its previous state.
INFO: [Common 17-344] 'open_project' was cancelled
exit
INFO: [Common 17-206] Exiting Vivado at Sat Jun 10 16:38:18 2023...
